# JRE version: Java(TM) SE Runtime Environment (21.0.10+8) (build 21.0.10+8-LTS-217)
# Java VM: Java HotSpot(TM) 64-Bit Server VM (21.0.10+8-LTS-217, mixed mode, emulated-client, sharing, tiered, compressed oops, compressed class ptrs, g1 gc, windows-amd64)
GC Precious Log:
 CardTable entry size: 512
 Card Set container configuration: InlinePtr #cards 5 size 8 Array Of Cards #cards 12 size 40 Howl #buckets 4 coarsen threshold 1843 Howl Bitmap #cards 512 size 80 coarsen threshold 460 Card regions per heap region 1 cards per card region 2048
 CPUs: 8 total, 8 available
 Memory: 7379M
 Large Page Support: Disabled
 NUMA Support: Disabled
 Compressed Oops: Enabled (32-bit)
 Heap Region Size: 1M
 Heap Min Capacity: 8M
 Heap Initial Capacity: 116M
 Heap Max Capacity: 1846M
 Pre-touch: Disabled
 Parallel Workers: 8
 Concurrent Workers: 2
 Concurrent Refinement Workers: 8
 Periodic GC: Disabled
Heap:
 garbage-first heap   total 66560K, used 41335K [0x000000008ca00000, 0x0000000100000000)
  region size 1024K, 10 young (10240K), 2 survivors (2048K)
 Metaspace       used 76447K, committed 77120K, reserved 1179648K
  class space    used 10999K, committed 11264K, reserved 1048576K
GC Heap History (20 events):
Event: 7.339 GC heap before
{Heap before GC invocations=5 (full 0):
 garbage-first heap   total 55296K, used 41936K [0x000000008ca00000, 0x0000000100000000)
  region size 1024K, 28 young (28672K), 3 survivors (3072K)
 Metaspace       used 28412K, committed 28928K, reserved 1114112K
  class space    used 3940K, committed 4160K, reserved 1048576K
}
Event: 7.346 GC heap after
{Heap after GC invocations=6 (full 0):
 garbage-first heap   total 55296K, used 19064K [0x000000008ca00000, 0x0000000100000000)
  region size 1024K, 4 young (4096K), 4 survivors (4096K)
 Metaspace       used 28412K, committed 28928K, reserved 1114112K
  class space    used 3940K, committed 4160K, reserved 1048576K
}
Event: 7.937 GC heap before
{Heap before GC invocations=6 (full 0):
 garbage-first heap   total 55296K, used 44664K [0x000000008ca00000, 0x0000000100000000)
  region size 1024K, 29 young (29696K), 4 survivors (4096K)
 Metaspace       used 32694K, committed 33280K, reserved 1114112K
  class space    used 4530K, committed 4800K, reserved 1048576K
}
Event: 7.949 GC heap after
{Heap after GC invocations=7 (full 0):
 garbage-first heap   total 55296K, used 21525K [0x000000008ca00000, 0x0000000100000000)
  region size 1024K, 3 young (3072K), 3 survivors (3072K)
 Metaspace       used 32694K, committed 33280K, reserved 1114112K
  class space    used 4530K, committed 4800K, reserved 1048576K
}
Event: 8.141 GC heap before
{Heap before GC invocations=7 (full 0):
 garbage-first heap   total 55296K, used 28693K [0x000000008ca00000, 0x0000000100000000)
  region size 1024K, 11 young (11264K), 3 survivors (3072K)
 Metaspace       used 33926K, committed 34496K, reserved 1114112K
  class space    used 4715K, committed 4992K, reserved 1048576K
}
Event: 8.145 GC heap after
{Heap after GC invocations=8 (full 0):
 garbage-first heap   total 66560K, used 21959K [0x000000008ca00000, 0x0000000100000000)
  region size 1024K, 1 young (1024K), 1 survivors (1024K)
 Metaspace       used 33926K, committed 34496K, reserved 1114112K
  class space    used 4715K, committed 4992K, reserved 1048576K
}
Event: 8.795 GC heap before
{Heap before GC invocations=9 (full 0):
 garbage-first heap   total 66560K, used 55751K [0x000000008ca00000, 0x0000000100000000)
  region size 1024K, 34 young (34816K), 1 survivors (1024K)
 Metaspace       used 41113K, committed 41792K, reserved 1114112K
  class space    used 6019K, committed 6336K, reserved 1048576K
}
Event: 8.802 GC heap after
{Heap after GC invocations=10 (full 0):
 garbage-first heap   total 66560K, used 24314K [0x000000008ca00000, 0x0000000100000000)
  region size 1024K, 3 young (3072K), 3 survivors (3072K)
 Metaspace       used 41113K, committed 41792K, reserved 1114112K
  class space    used 6019K, committed 6336K, reserved 1048576K
}
Event: 9.831 GC heap before
{Heap before GC invocations=10 (full 0):
 garbage-first heap   total 66560K, used 57082K [0x000000008ca00000, 0x0000000100000000)
  region size 1024K, 35 young (35840K), 3 survivors (3072K)
 Metaspace       used 53242K, committed 53888K, reserved 1114112K
  class space    used 7456K, committed 7744K, reserved 1048576K
}
Event: 9.840 GC heap after
{Heap after GC invocations=11 (full 0):
 garbage-first heap   total 66560K, used 26618K [0x000000008ca00000, 0x0000000100000000)
  region size 1024K, 5 young (5120K), 5 survivors (5120K)
 Metaspace       used 53242K, committed 53888K, reserved 1114112K
  class space    used 7456K, committed 7744K, reserved 1048576K
}
Event: 10.125 GC heap before
{Heap before GC invocations=11 (full 0):
 garbage-first heap   total 66560K, used 45050K [0x000000008ca00000, 0x0000000100000000)
  region size 1024K, 24 young (24576K), 5 survivors (5120K)
 Metaspace       used 57269K, committed 57856K, reserved 1114112K
  class space    used 7900K, committed 8192K, reserved 1048576K
}
Event: 10.132 GC heap after
{Heap after GC invocations=12 (full 0):
 garbage-first heap   total 66560K, used 27467K [0x000000008ca00000, 0x0000000100000000)
  region size 1024K, 1 young (1024K), 1 survivors (1024K)
 Metaspace       used 57269K, committed 57856K, reserved 1114112K
  class space    used 7900K, committed 8192K, reserved 1048576K
}
Event: 11.770 GC heap before
{Heap before GC invocations=13 (full 0):
 garbage-first heap   total 66560K, used 59211K [0x000000008ca00000, 0x0000000100000000)
  region size 1024K, 32 young (32768K), 1 survivors (1024K)
 Metaspace       used 64645K, committed 65280K, reserved 1114112K
  class space    used 9074K, committed 9344K, reserved 1048576K
}
Event: 11.774 GC heap after
{Heap after GC invocations=14 (full 0):
 garbage-first heap   total 66560K, used 28584K [0x000000008ca00000, 0x0000000100000000)
  region size 1024K, 2 young (2048K), 2 survivors (2048K)
 Metaspace       used 64645K, committed 65280K, reserved 1114112K
  class space    used 9074K, committed 9344K, reserved 1048576K
}
Event: 12.930 GC heap before
{Heap before GC invocations=14 (full 0):
 garbage-first heap   total 66560K, used 60328K [0x000000008ca00000, 0x0000000100000000)
  region size 1024K, 33 young (33792K), 2 survivors (2048K)
 Metaspace       used 71353K, committed 72000K, reserved 1114112K
  class space    used 9964K, committed 10240K, reserved 1048576K
}
Event: 12.937 GC heap after
{Heap after GC invocations=15 (full 0):
 garbage-first heap   total 66560K, used 30448K [0x000000008ca00000, 0x0000000100000000)
  region size 1024K, 4 young (4096K), 4 survivors (4096K)
 Metaspace       used 71353K, committed 72000K, reserved 1114112K
  class space    used 9964K, committed 10240K, reserved 1048576K
}
Event: 14.509 GC heap before
{Heap before GC invocations=15 (full 0):
 garbage-first heap   total 66560K, used 58096K [0x000000008ca00000, 0x0000000100000000)
  region size 1024K, 31 young (31744K), 4 survivors (4096K)
 Metaspace       used 74431K, committed 75136K, reserved 1114112K
  class space    used 10563K, committed 10880K, reserved 1048576K
}
Event: 14.513 GC heap after
{Heap after GC invocations=16 (full 0):
 garbage-first heap   total 66560K, used 32259K [0x000000008ca00000, 0x0000000100000000)
  region size 1024K, 4 young (4096K), 4 survivors (4096K)
 Metaspace       used 74431K, committed 75136K, reserved 1114112K
  class space    used 10563K, committed 10880K, reserved 1048576K
}
Event: 16.745 GC heap before
{Heap before GC invocations=16 (full 0):
 garbage-first heap   total 66560K, used 57859K [0x000000008ca00000, 0x0000000100000000)
  region size 1024K, 29 young (29696K), 4 survivors (4096K)
 Metaspace       used 76444K, committed 77120K, reserved 1179648K
  class space    used 10999K, committed 11264K, reserved 1048576K
}
Event: 16.749 GC heap after
{Heap after GC invocations=17 (full 0):
 garbage-first heap   total 66560K, used 34167K [0x000000008ca00000, 0x0000000100000000)
  region size 1024K, 2 young (2048K), 2 survivors (2048K)
 Metaspace       used 76444K, committed 77120K, reserved 1179648K
  class space    used 10999K, committed 11264K, reserved 1048576K
}

